<?xml version="1.0" encoding="UTF-8"?>
<!-- Generated by org.testng.reporters.JUnitReportReporter -->
<testsuite skipped="0" hostname="dell-PC" name="org.blazemainprogram.BlazeDemo" tests="4" failures="0" timestamp="11 Apr 2021 14:57:22 GMT" time="14.482" errors="0">
  <testcase name="findFlight" time="1.637" classname="org.blazemainprogram.BlazeDemo"/>
  <testcase name="chooseTheFlight" time="1.289" classname="org.blazemainprogram.BlazeDemo"/>
  <testcase name="details" time="9.839" classname="org.blazemainprogram.BlazeDemo"/>
  <testcase name="id" time="1.717" classname="org.blazemainprogram.BlazeDemo"/>
</testsuite> <!-- org.blazemainprogram.BlazeDemo -->
